<?xml version="1.0" encoding="UTF-8"?>
<!-- Generated by org.testng.reporters.JUnitReportReporter -->
<testsuite name="com.learnautomation.testcases.LoginTestCRM" tests="1" time="3.257" ignored="0" failures="0" timestamp="25 Feb 2020 22:04:49 GMT" skipped="0" hostname="DESKTOP-0MPBAPB" errors="0">
  <testcase name="LoginApp" time="3.257" classname="com.learnautomation.testcases.LoginTestCRM"/>
</testsuite> <!-- com.learnautomation.testcases.LoginTestCRM -->
