<?xml version="1.0" encoding="UTF-8"?>
<!-- Generated by org.testng.reporters.JUnitReportReporter -->
<testsuite name="com.learnautomation.testcases.LoginTestCRM" tests="2" time="1.968" ignored="0" failures="0" timestamp="09 Feb 2020 20:47:47 GMT" skipped="0" hostname="DESKTOP-0MPBAPB" errors="0">
  <testcase name="LoginApp" time="1.089" classname="com.learnautomation.testcases.LoginTestCRM"/>
  <testcase name="LoginApp1" time="0.879" classname="com.learnautomation.testcases.LoginTestCRM"/>
</testsuite> <!-- com.learnautomation.testcases.LoginTestCRM -->
